\BOOKMARK [1][-]{section.1}{\376\377\000V\000e\000l\000i\000c\000e\000\040\000s\000t\000r\000u\001\015\000n\000\341\000\040\000h\000i\000s\000t\000o\000r\000i\000e}{}% 1
\BOOKMARK [2][-]{subsection.1.1}{\376\377\000A\000n\000a\000l\000y\000t\000i\000c\000k\000\375\000\040\000s\000t\000r\000o\000j}{section.1}% 2
\BOOKMARK [2][-]{subsection.1.2}{\376\377\000T\000u\000r\000i\000n\000g\001\157\000v\000\040\000s\000t\000r\000o\000j}{section.1}% 3
\BOOKMARK [2][-]{subsection.1.3}{\376\377\000B\000o\000m\000b\000e}{section.1}% 4
\BOOKMARK [2][-]{subsection.1.4}{\376\377\000E\000N\000I\000A\000C}{section.1}% 5
\BOOKMARK [2][-]{subsection.1.5}{\376\377\000U\000N\000I\000V\000A\000C}{section.1}% 6
\BOOKMARK [2][-]{subsection.1.6}{\376\377\000I\000B\000M\000\040\000P\000C}{section.1}% 7
\BOOKMARK [1][-]{section.2}{\376\377\000A\000r\000c\000h\000i\000t\000e\000k\000t\000u\000r\000a\000\040\000p\000o\001\015\000\355\000t\000a\001\015\001\157}{}% 8
\BOOKMARK [2][-]{subsection.2.1}{\376\377\000V\000o\000n\000\040\000N\000e\000u\000m\000a\000n\000n\000o\000v\000a\000\040\000a\000r\000c\000h\000i\000t\000e\000k\000t\000u\000r\000a}{section.2}% 9
\BOOKMARK [2][-]{subsection.2.2}{\376\377\001\130\000a\000d\000i\001\015}{section.2}% 10
\BOOKMARK [2][-]{subsection.2.3}{\376\377\000A\000r\000i\000t\000m\000e\000t\000i\000c\000k\000o\000-\000l\000o\000g\000i\000c\000k\000\341\000\040\000j\000e\000d\000n\000o\000t\000k\000a}{section.2}% 11
\BOOKMARK [2][-]{subsection.2.4}{\376\377\000R\000e\000g\000i\000s\000t\000r\000y}{section.2}% 12
\BOOKMARK [2][-]{subsection.2.5}{\376\377\000S\000b\001\033\000r\000n\000i\000c\000e}{section.2}% 13
\BOOKMARK [2][-]{subsection.2.6}{\376\377\000C\000e\000n\000t\000r\000\341\000l\000n\000\355\000\040\000p\000r\000o\000c\000e\000s\000o\000r\000o\000v\000\341\000\040\000j\000e\000d\000n\000o\000t\000k\000a}{section.2}% 14
\BOOKMARK [2][-]{subsection.2.7}{\376\377\000H\000a\000r\000v\000a\000r\000d\000s\000k\000\341\000\040\000a\000r\000c\000h\000i\000t\000e\000k\000t\000u\000r\000a}{section.2}% 15
\BOOKMARK [2][-]{subsection.2.8}{\376\377\000M\000i\000k\000r\000o\000a\000r\000c\000h\000i\000t\000e\000k\000t\000u\000r\000y}{section.2}% 16
\BOOKMARK [1][-]{section.3}{\376\377\000H\000a\000r\000d\000w\000a\000r\000e\000\040\000p\000o\001\015\000\355\000t\000a\001\015\000e}{}% 17
\BOOKMARK [2][-]{subsection.3.1}{\376\377\000P\000r\000o\000c\000e\000s\000o\000r}{section.3}% 18
\BOOKMARK [2][-]{subsection.3.2}{\376\377\000C\000h\000l\000a\000d\000i\001\015\000e}{section.3}% 19
\BOOKMARK [2][-]{subsection.3.3}{\376\377\000Z\000\341\000k\000l\000a\000d\000n\000\355\000\040\000d\000e\000s\000k\000a}{section.3}% 20
\BOOKMARK [3][-]{subsubsection.3.3.1}{\376\377\000P\000a\000t\000i\000c\000e}{subsection.3.3}% 21
\BOOKMARK [3][-]{subsubsection.3.3.2}{\376\377\001\014\000i\000p\000o\000v\000\341\000\040\000s\000a\000d\000a}{subsection.3.3}% 22
\BOOKMARK [3][-]{subsubsection.3.3.3}{\376\377\000N\000a\000p\000\341\000j\000e\000c\000\355\000\040\000k\000a\000s\000k\000\341\000d\000y}{subsection.3.3}% 23
\BOOKMARK [3][-]{subsubsection.3.3.4}{\376\377\000I\000n\000t\000e\000g\000r\000o\000v\000a\000n\000\351\000\040\000t\000e\000c\000h\000n\000o\000l\000o\000g\000i\000e}{subsection.3.3}% 24
\BOOKMARK [3][-]{subsubsection.3.3.5}{\376\377\000S\000b\001\033\000r\000n\000i\000c\000e\000,\000\040\000p\000i\000n\000y\000\040\000a\000\040\000j\000i\000n\000\351\000\040\000k\000o\000n\000e\000k\000t\000o\000r\000y}{subsection.3.3}% 25
\BOOKMARK [2][-]{subsection.3.4}{\376\377\000R\000A\000M}{section.3}% 26
\BOOKMARK [3][-]{subsubsection.3.4.1}{\376\377\000R\000o\000z\000d\000\355\000l\000y\000\040\000m\000e\000z\000i\000\040\000S\000D\000R\000,\000\040\000D\000D\000R\000,\000\040\000Q\000D\000R}{subsection.3.4}% 27
\BOOKMARK [3][-]{subsubsection.3.4.2}{\376\377\001\014\000a\000s\000o\000v\000\341\000n\000\355\000\040\000a\000\040\000l\000a\000t\000e\000n\000c\000e}{subsection.3.4}% 28
\BOOKMARK [2][-]{subsection.3.5}{\376\377\000G\000r\000a\000f\000i\000c\000k\000\341\000\040\000k\000a\000r\000t\000a}{section.3}% 29
\BOOKMARK [3][-]{subsubsection.3.5.1}{\376\377\000J\000\341\000d\000r\000o\000\040\000a\000\040\000V\000R\000M}{subsection.3.5}% 30
\BOOKMARK [3][-]{subsubsection.3.5.2}{\376\377\000P\000a\000m\001\033\001\145\000\040\000G\000P\000U}{subsection.3.5}% 31
\BOOKMARK [3][-]{subsubsection.3.5.3}{\376\377\000S\000r\000o\000v\000n\000\341\000n\000\355\000\040\000C\000P\000U\000\040\000a\000\040\000G\000P\000U}{subsection.3.5}% 32
\BOOKMARK [2][-]{subsection.3.6}{\376\377\000D\000i\000s\000k\000y}{section.3}% 33
\BOOKMARK [3][-]{subsubsection.3.6.1}{\376\377\000H\000D\000D}{subsection.3.6}% 34
\BOOKMARK [3][-]{subsubsection.3.6.2}{\376\377\000S\000S\000D}{subsection.3.6}% 35
\BOOKMARK [3][-]{subsubsection.3.6.3}{\376\377\000A\000r\000c\000h\000a\000i\000c\000k\000\351\000\040\000d\000i\000s\000k\000y}{subsection.3.6}% 36
\BOOKMARK [2][-]{subsection.3.7}{\376\377\000Z\000d\000r\000o\000j}{section.3}% 37
\BOOKMARK [3][-]{subsubsection.3.7.1}{\376\377\000H\000o\000d\000n\000o\000c\000e\000n\000\355\000\040\000z\000d\000r\000o\000j\001\157}{subsection.3.7}% 38
\BOOKMARK [2][-]{subsection.3.8}{\376\377\000R\000o\000z\001\141\000i\001\131\000u\000j\000\355\000c\000\355\000\040\000k\000a\000r\000t\000y}{section.3}% 39
\BOOKMARK [2][-]{subsection.3.9}{\376\377\000B\000e\000d\000n\000y}{section.3}% 40
\BOOKMARK [1][-]{section.4}{\376\377\000R\000e\000f\000e\000r\000e\000n\000c\000e}{}% 41
